\BOOKMARK [0][-]{section*.1}{Zusammenfassung}{}% 1
\BOOKMARK [0][-]{section*.3}{Abstract}{}% 2
\BOOKMARK [0][-]{section*.5}{Table of Contents}{}% 3
\BOOKMARK [0][-]{chapter.1}{Introduction}{}% 4
\BOOKMARK [1][-]{section.1.1}{Researching perceptual decision making}{chapter.1}% 5
\BOOKMARK [1][-]{section.1.2}{Sequential Comparison Tasks}{chapter.1}% 6
\BOOKMARK [2][-]{subsection.1.2.1}{Sequential Comparison Tasks: Perception}{section.1.2}% 7
\BOOKMARK [2][-]{subsection.1.2.2}{Sequential Comparison Tasks: Working Memory}{section.1.2}% 8
\BOOKMARK [2][-]{subsection.1.2.3}{Sequential Comparison Tasks: Decision Making}{section.1.2}% 9
\BOOKMARK [1][-]{section.1.3}{Accumulation of Evidence Tasks}{chapter.1}% 10
\BOOKMARK [2][-]{subsection.1.3.1}{Accumulation of Evidence Tasks with Nonhuman Primates}{section.1.3}% 11
\BOOKMARK [2][-]{subsection.1.3.2}{Accumulation of evidence tasks using M/EEG in humans}{section.1.3}% 12
\BOOKMARK [2][-]{subsection.1.3.3}{Accumulation of Evidence Tasks Using fMRI in Humans}{section.1.3}% 13
\BOOKMARK [2][-]{subsection.1.3.4}{Common neural codes across perceptual decision making tasks}{section.1.3}% 14
\BOOKMARK [1][-]{section.1.4}{Objectives of this Dissertation}{chapter.1}% 15
\BOOKMARK [0][-]{chapter.2}{Summary of original research articles}{}% 16
\BOOKMARK [1][-]{section.2.1}{Study 1: Gamma and Beta Oscillations in Human MEG Encode the Contents of Vibrotactile Working Memory}{chapter.2}% 17
\BOOKMARK [1][-]{section.2.2}{Study 2: Neuronal Signatures of a Random-Dot Motion Comparison Task}{chapter.2}% 18
\BOOKMARK [1][-]{section.2.3}{Study 3: Centro-parietal EEG potentials index subjective evidence and difficulty}{chapter.2}% 19
\BOOKMARK [0][-]{chapter.3}{General Discussion}{}% 20
\BOOKMARK [1][-]{section.3.1}{Diverging findings with MEG and EEG during sequential comparison tasks}{chapter.3}% 21
\BOOKMARK [1][-]{section.3.2}{A frontoparietal beta-gamma code}{chapter.3}% 22
\BOOKMARK [1][-]{section.3.3}{Distributed codes or central working memory?}{chapter.3}% 23
\BOOKMARK [1][-]{section.3.4}{Beta band during decision making}{chapter.3}% 24
\BOOKMARK [1][-]{section.3.5}{Common ground for visual and tactile sequential comparison tasks}{chapter.3}% 25
\BOOKMARK [1][-]{section.3.6}{Common ground for CPP and decision beta}{chapter.3}% 26
\BOOKMARK [1][-]{section.3.7}{Outlook: Synaptic codes for dynamic control}{chapter.3}% 27
\BOOKMARK [1][-]{section.3.8}{General Summary}{chapter.3}% 28
\BOOKMARK [0][-]{section*.9}{Bibliography}{}% 29
